Arguments: 
  /usr/local/bin/node /usr/local/bin/yarn init

PATH: 
  /Users/kvmvkxnt/go/bin:node_modules/.bin:/Users/kvmvkxnt/.local/bin:/Users/kvmvkxnt/bin:bin:/opt/homebrew/opt/mpv-iina/bin:/Users/kvmvkxnt/adb-fastboot/platform-tools:/Users/kvmvkxnt/adb-fastboot/platform-tools:/opt/homebrew/opt/mpv-iina/bin:/Library/Frameworks/Python.framework/Versions/3.10/bin:/opt/local/bin:/opt/local/sbin:/opt/homebrew/bin:/opt/homebrew/sbin:/usr/local/bin:/usr/bin:/bin:/usr/sbin:/sbin:/Users/kvmvkxnt/dotfiles/ffmpeg:/usr/local/go/bin:/Library/Apple/usr/bin:/Users/kvmvkxnt/adb-fastboot/platform-tools:/Users/kvmvkxnt/.cargo/bin

Yarn version: 
  1.22.19

Node version: 
  16.15.1

Platform: 
  darwin arm64

Trace: 
  Error: canceled
      at Interface.<anonymous> (/usr/local/lib/node_modules/yarn/lib/cli.js:137150:13)
      at Interface.emit (node:events:527:28)
      at Interface._ttyWrite (node:readline:1081:16)
      at ReadStream.onkeypress (node:readline:288:10)
      at ReadStream.emit (node:events:527:28)
      at emitKeys (node:internal/readline/utils:358:14)
      at emitKeys.next (<anonymous>)
      at ReadStream.onData (node:internal/readline/emitKeypressEvents:61:36)
      at ReadStream.emit (node:events:527:28)
      at addChunk (node:internal/streams/readable:315:12)

npm manifest: 
  No manifest

yarn manifest: 
  No manifest

Lockfile: 
  No lockfile
